<?xml version="1.0" encoding="UTF-8"?>
<testsuite name="com.thoughtworks.bootcamp.probabilityTest.ProbabilityTest" tests="4" skipped="0" failures="0" errors="0" timestamp="2019-09-04T19:27:59" hostname="VISHWAJEETs-MacBook-Pro.local" time="0.011">
  <properties/>
  <testcase name="giventEventProbabilitiesOfTwoeEventsIsZero_whenCheckingEquality_thenReturnTrue()" classname="com.thoughtworks.bootcamp.probabilityTest.ProbabilityTest" time="0.007"/>
  <testcase name="givenProbabilityForOccurance_whenCheckingUnoccuranceProbablility_thenReturnZero()" classname="com.thoughtworks.bootcamp.probabilityTest.ProbabilityTest" time="0.0"/>
  <testcase name="givenProbabilityForEventOneIsZeroEventTwoZero_whenCheckingEquality_tehenReturnFalse()" classname="com.thoughtworks.bootcamp.probabilityTest.ProbabilityTest" time="0.001"/>
  <testcase name="givenProbabilityOfZeroOccurance_whenCheckUnoccuranceProbability_thenReturnOne()" classname="com.thoughtworks.bootcamp.probabilityTest.ProbabilityTest" time="0.001"/>
  <system-out><![CDATA[]]></system-out>
  <system-err><![CDATA[]]></system-err>
</testsuite>
